Flow report for uP
Sun Oct 28 18:18:48 2018
Quartus Prime Version 16.0.0 Build 211 04/27/2016 SJ Lite Edition


---------------------
; Table of Contents ;
---------------------
  1. Legal Notice
  2. Flow Summary
  3. Flow Settings
  4. Flow Non-Default Global Settings
  5. Flow Elapsed Time
  6. Flow OS Summary
  7. Flow Log
  8. Flow Messages
  9. Flow Suppressed Messages



----------------
; Legal Notice ;
----------------
Copyright (C) 1991-2016 Altera Corporation. All rights reserved.
Your use of Altera Corporation's design tools, logic functions 
and other software and tools, and its AMPP partner logic 
functions, and any output files from any of the foregoing 
(including device programming or simulation files), and any 
associated documentation or information are expressly subject 
to the terms and conditions of the Altera Program License 
Subscription Agreement, the Altera Quartus Prime License Agreement,
the Altera MegaCore Function License Agreement, or other 
applicable license agreement, including, without limitation, 
that your use is for the sole purpose of programming logic 
devices manufactured by Altera and sold by Altera or its 
authorized distributors.  Please refer to the applicable 
agreement for further details.



+---------------------------------------------------------------------+
; Flow Summary                                                        ;
+-----------------------+---------------------------------------------+
; Flow Status           ; Successful - Sun Oct 28 18:18:48 2018       ;
; Quartus Prime Version ; 16.0.0 Build 211 04/27/2016 SJ Lite Edition ;
; Revision Name         ; uP                                          ;
; Top-level Entity Name ; uP                                          ;
; Family                ; MAX V                                       ;
; Device                ; 5M1270ZT144C5                               ;
; Timing Models         ; Final                                       ;
; Total logic elements  ; 0 / 1,270 ( 0 % )                           ;
; Total pins            ; 2 / 114 ( 2 % )                             ;
; Total virtual pins    ; 0                                           ;
; UFM blocks            ; 0 / 1 ( 0 % )                               ;
+-----------------------+---------------------------------------------+


+-----------------------------------------+
; Flow Settings                           ;
+-------------------+---------------------+
; Option            ; Setting             ;
+-------------------+---------------------+
; Start date & time ; 10/28/2018 18:18:17 ;
; Main task         ; Compilation         ;
; Revision Name     ; uP                  ;
+-------------------+---------------------+


+------------------------------------------------------------------------------------------------------------+
; Flow Non-Default Global Settings                                                                           ;
+-------------------------------+-----------------------------+---------------+-------------+----------------+
; Assignment Name               ; Value                       ; Default Value ; Entity Name ; Section Id     ;
+-------------------------------+-----------------------------+---------------+-------------+----------------+
; COMPILER_SIGNATURE_ID         ; 0.154073089712924           ; --            ; --          ; --             ;
; EDA_OUTPUT_DATA_FORMAT        ; Vhdl                        ; --            ; --          ; eda_simulation ;
; EDA_SIMULATION_TOOL           ; ModelSim-Altera (VHDL)      ; <None>        ; --          ; --             ;
; EDA_TIME_SCALE                ; 1 ps                        ; --            ; --          ; eda_simulation ;
; MAX_CORE_JUNCTION_TEMP        ; 85                          ; --            ; --          ; --             ;
; MIN_CORE_JUNCTION_TEMP        ; 0                           ; --            ; --          ; --             ;
; POWER_PRESET_COOLING_SOLUTION ; No Heat Sink With Still Air ; --            ; --          ; --             ;
; PROJECT_OUTPUT_DIRECTORY      ; output_files                ; --            ; --          ; --             ;
+-------------------------------+-----------------------------+---------------+-------------+----------------+


+-------------------------------------------------------------------------------------------------------------------------------+
; Flow Elapsed Time                                                                                                             ;
+---------------------------+--------------+-------------------------+---------------------+------------------------------------+
; Module Name               ; Elapsed Time ; Average Processors Used ; Peak Virtual Memory ; Total CPU Time (on all processors) ;
+---------------------------+--------------+-------------------------+---------------------+------------------------------------+
; Analysis & Synthesis      ; 00:00:26     ; 1.0                     ; 1742 MB             ; 00:00:42                           ;
; Fitter                    ; 00:00:01     ; 1.0                     ; 1268 MB             ; 00:00:01                           ;
; Assembler                 ; 00:00:01     ; 1.0                     ; 1039 MB             ; 00:00:00                           ;
; TimeQuest Timing Analyzer ; 00:00:01     ; 1.0                     ; 996 MB              ; 00:00:00                           ;
; EDA Netlist Writer        ; 00:00:01     ; 1.0                     ; 1282 MB             ; 00:00:00                           ;
; Total                     ; 00:00:30     ; --                      ; --                  ; 00:00:43                           ;
+---------------------------+--------------+-------------------------+---------------------+------------------------------------+


+------------------------------------------------------------------------------------------------------------+
; Flow OS Summary                                                                                            ;
+---------------------------+---------------------------------+----------------+------------+----------------+
; Module Name               ; Machine Hostname                ; OS Name        ; OS Version ; Processor type ;
+---------------------------+---------------------------------+----------------+------------+----------------+
; Analysis & Synthesis      ; pranil-lenovo-ideapad-310-15ikb ; Ubuntu 16.04.5 ; 16         ; x86_64         ;
; Fitter                    ; pranil-lenovo-ideapad-310-15ikb ; Ubuntu 16.04.5 ; 16         ; x86_64         ;
; Assembler                 ; pranil-lenovo-ideapad-310-15ikb ; Ubuntu 16.04.5 ; 16         ; x86_64         ;
; TimeQuest Timing Analyzer ; pranil-lenovo-ideapad-310-15ikb ; Ubuntu 16.04.5 ; 16         ; x86_64         ;
; EDA Netlist Writer        ; pranil-lenovo-ideapad-310-15ikb ; Ubuntu 16.04.5 ; 16         ; x86_64         ;
+---------------------------+---------------------------------+----------------+------------+----------------+


------------
; Flow Log ;
------------
quartus_map --read_settings_files=on --write_settings_files=off uP -c uP
quartus_fit --read_settings_files=off --write_settings_files=off uP -c uP
quartus_asm --read_settings_files=off --write_settings_files=off uP -c uP
quartus_sta uP -c uP
quartus_eda --read_settings_files=off --write_settings_files=off uP -c uP



