Analysis & Synthesis report for outputlogic
Fri Oct 26 14:36:14 2018
Quartus Prime Version 16.0.0 Build 211 04/27/2016 SJ Lite Edition


---------------------
; Table of Contents ;
---------------------
  1. Legal Notice
  2. Analysis & Synthesis Summary
  3. Analysis & Synthesis Settings
  4. Parallel Compilation
  5. Analysis & Synthesis Source Files Read
  6. Analysis & Synthesis Resource Usage Summary
  7. Analysis & Synthesis Resource Utilization by Entity
  8. General Register Statistics
  9. Inverted Register Statistics
 10. Multiplexer Restructuring Statistics (Restructuring Performed)
 11. Analysis & Synthesis Messages



----------------
; Legal Notice ;
----------------
Copyright (C) 1991-2016 Altera Corporation. All rights reserved.
Your use of Altera Corporation's design tools, logic functions 
and other software and tools, and its AMPP partner logic 
functions, and any output files from any of the foregoing 
(including device programming or simulation files), and any 
associated documentation or information are expressly subject 
to the terms and conditions of the Altera Program License 
Subscription Agreement, the Altera Quartus Prime License Agreement,
the Altera MegaCore Function License Agreement, or other 
applicable license agreement, including, without limitation, 
that your use is for the sole purpose of programming logic 
devices manufactured by Altera and sold by Altera or its 
authorized distributors.  Please refer to the applicable 
agreement for further details.



+---------------------------------------------------------------------------+
; Analysis & Synthesis Summary                                              ;
+-----------------------------+---------------------------------------------+
; Analysis & Synthesis Status ; Successful - Fri Oct 26 14:36:14 2018       ;
; Quartus Prime Version       ; 16.0.0 Build 211 04/27/2016 SJ Lite Edition ;
; Revision Name               ; outputlogic                                 ;
; Top-level Entity Name       ; outputlogic                                 ;
; Family                      ; MAX V                                       ;
; Total logic elements        ; 109                                         ;
; Total pins                  ; 72                                          ;
; Total virtual pins          ; 0                                           ;
; UFM blocks                  ; 0 / 1 ( 0 % )                               ;
+-----------------------------+---------------------------------------------+


+----------------------------------------------------------------------------------------------------------------------+
; Analysis & Synthesis Settings                                                                                        ;
+----------------------------------------------------------------------------+--------------------+--------------------+
; Option                                                                     ; Setting            ; Default Value      ;
+----------------------------------------------------------------------------+--------------------+--------------------+
; Device                                                                     ; 5M1270ZT144C5      ;                    ;
; Top-level entity name                                                      ; outputlogic        ; outputlogic        ;
; Family name                                                                ; MAX V              ; Cyclone V          ;
; Use smart compilation                                                      ; Off                ; Off                ;
; Enable parallel Assembler and TimeQuest Timing Analyzer during compilation ; On                 ; On                 ;
; Enable compact report table                                                ; Off                ; Off                ;
; Restructure Multiplexers                                                   ; Auto               ; Auto               ;
; Create Debugging Nodes for IP Cores                                        ; Off                ; Off                ;
; Preserve fewer node names                                                  ; On                 ; On                 ;
; Disable OpenCore Plus hardware evaluation                                  ; Off                ; Off                ;
; Verilog Version                                                            ; Verilog_2001       ; Verilog_2001       ;
; VHDL Version                                                               ; VHDL_1993          ; VHDL_1993          ;
; State Machine Processing                                                   ; Auto               ; Auto               ;
; Safe State Machine                                                         ; Off                ; Off                ;
; Extract Verilog State Machines                                             ; On                 ; On                 ;
; Extract VHDL State Machines                                                ; On                 ; On                 ;
; Ignore Verilog initial constructs                                          ; Off                ; Off                ;
; Iteration limit for constant Verilog loops                                 ; 5000               ; 5000               ;
; Iteration limit for non-constant Verilog loops                             ; 250                ; 250                ;
; Add Pass-Through Logic to Inferred RAMs                                    ; On                 ; On                 ;
; Infer RAMs from Raw Logic                                                  ; On                 ; On                 ;
; Parallel Synthesis                                                         ; On                 ; On                 ;
; NOT Gate Push-Back                                                         ; On                 ; On                 ;
; Power-Up Don't Care                                                        ; On                 ; On                 ;
; Remove Redundant Logic Cells                                               ; Off                ; Off                ;
; Remove Duplicate Registers                                                 ; On                 ; On                 ;
; Ignore CARRY Buffers                                                       ; Off                ; Off                ;
; Ignore CASCADE Buffers                                                     ; Off                ; Off                ;
; Ignore GLOBAL Buffers                                                      ; Off                ; Off                ;
; Ignore ROW GLOBAL Buffers                                                  ; Off                ; Off                ;
; Ignore LCELL Buffers                                                       ; Off                ; Off                ;
; Ignore SOFT Buffers                                                        ; On                 ; On                 ;
; Limit AHDL Integers to 32 Bits                                             ; Off                ; Off                ;
; Optimization Technique                                                     ; Balanced           ; Balanced           ;
; Carry Chain Length                                                         ; 70                 ; 70                 ;
; Auto Carry Chains                                                          ; On                 ; On                 ;
; Auto Open-Drain Pins                                                       ; On                 ; On                 ;
; Perform WYSIWYG Primitive Resynthesis                                      ; Off                ; Off                ;
; Auto Shift Register Replacement                                            ; Auto               ; Auto               ;
; Allow Shift Register Merging across Hierarchies                            ; Auto               ; Auto               ;
; Auto Clock Enable Replacement                                              ; On                 ; On                 ;
; Allow Synchronous Control Signals                                          ; On                 ; On                 ;
; Force Use of Synchronous Clear Signals                                     ; Off                ; Off                ;
; Auto Resource Sharing                                                      ; Off                ; Off                ;
; Use LogicLock Constraints during Resource Balancing                        ; On                 ; On                 ;
; Ignore translate_off and synthesis_off directives                          ; Off                ; Off                ;
; Report Parameter Settings                                                  ; On                 ; On                 ;
; Report Source Assignments                                                  ; On                 ; On                 ;
; Report Connectivity Checks                                                 ; On                 ; On                 ;
; Ignore Maximum Fan-Out Assignments                                         ; Off                ; Off                ;
; Synchronization Register Chain Length                                      ; 2                  ; 2                  ;
; PowerPlay Power Optimization During Synthesis                              ; Normal compilation ; Normal compilation ;
; HDL message level                                                          ; Level2             ; Level2             ;
; Suppress Register Optimization Related Messages                            ; Off                ; Off                ;
; Number of Removed Registers Reported in Synthesis Report                   ; 5000               ; 5000               ;
; Number of Swept Nodes Reported in Synthesis Report                         ; 5000               ; 5000               ;
; Number of Inverted Registers Reported in Synthesis Report                  ; 100                ; 100                ;
; Clock MUX Protection                                                       ; On                 ; On                 ;
; Block Design Naming                                                        ; Auto               ; Auto               ;
; Synthesis Effort                                                           ; Auto               ; Auto               ;
; Shift Register Replacement - Allow Asynchronous Clear Signal               ; On                 ; On                 ;
; Analysis & Synthesis Message Level                                         ; Medium             ; Medium             ;
; Disable Register Merging Across Hierarchies                                ; Auto               ; Auto               ;
; Synthesis Seed                                                             ; 1                  ; 1                  ;
+----------------------------------------------------------------------------+--------------------+--------------------+


Parallel compilation was disabled, but you have multiple processors available. Enable parallel compilation to reduce compilation time.
+-------------------------------------+
; Parallel Compilation                ;
+----------------------------+--------+
; Processors                 ; Number ;
+----------------------------+--------+
; Number detected on machine ; 4      ;
; Maximum allowed            ; 1      ;
+----------------------------+--------+


+----------------------------------------------------------------------------------------------------------------------------------------------------------+
; Analysis & Synthesis Source Files Read                                                                                                                   ;
+----------------------------------+-----------------+-----------------+-------------------------------------------------------------------------+---------+
; File Name with User-Entered Path ; Used in Netlist ; File Type       ; File Name with Absolute Path                                            ; Library ;
+----------------------------------+-----------------+-----------------+-------------------------------------------------------------------------+---------+
; statereg.vhd                     ; yes             ; User VHDL File  ; /home/pranil/Desktop/EE309 Microcontrollers/outputlogic/statereg.vhd    ;         ;
; outputlogic.vhd                  ; yes             ; User VHDL File  ; /home/pranil/Desktop/EE309 Microcontrollers/outputlogic/outputlogic.vhd ;         ;
+----------------------------------+-----------------+-----------------+-------------------------------------------------------------------------+---------+


+-------------------------------------------------------------------+
; Analysis & Synthesis Resource Usage Summary                       ;
+---------------------------------------------+---------------------+
; Resource                                    ; Usage               ;
+---------------------------------------------+---------------------+
; Total logic elements                        ; 109                 ;
;     -- Combinational with no register       ; 104                 ;
;     -- Register only                        ; 4                   ;
;     -- Combinational with a register        ; 1                   ;
;                                             ;                     ;
; Logic element usage by number of LUT inputs ;                     ;
;     -- 4 input functions                    ; 69                  ;
;     -- 3 input functions                    ; 23                  ;
;     -- 2 input functions                    ; 12                  ;
;     -- 1 input functions                    ; 1                   ;
;     -- 0 input functions                    ; 0                   ;
;                                             ;                     ;
; Logic elements by mode                      ;                     ;
;     -- normal mode                          ; 109                 ;
;     -- arithmetic mode                      ; 0                   ;
;     -- qfbk mode                            ; 0                   ;
;     -- register cascade mode                ; 0                   ;
;     -- synchronous clear/load mode          ; 0                   ;
;     -- asynchronous clear/load mode         ; 5                   ;
;                                             ;                     ;
; Total registers                             ; 5                   ;
; I/O pins                                    ; 72                  ;
; Maximum fan-out node                        ; statereg:state|q[3] ;
; Maximum fan-out                             ; 45                  ;
; Total fan-out                               ; 427                 ;
; Average fan-out                             ; 2.36                ;
+---------------------------------------------+---------------------+


+--------------------------------------------------------------------------------------------------------------------------------------------------------------------------------------------------------------------------------------------+
; Analysis & Synthesis Resource Utilization by Entity                                                                                                                                                                                        ;
+----------------------------+-------------+--------------+------------+------+--------------+--------------+-------------------+------------------+-----------------+------------+-----------------------------+-------------+--------------+
; Compilation Hierarchy Node ; Logic Cells ; LC Registers ; UFM Blocks ; Pins ; Virtual Pins ; LUT-Only LCs ; Register-Only LCs ; LUT/Register LCs ; Carry Chain LCs ; Packed LCs ; Full Hierarchy Name         ; Entity Name ; Library Name ;
+----------------------------+-------------+--------------+------------+------+--------------+--------------+-------------------+------------------+-----------------+------------+-----------------------------+-------------+--------------+
; |outputlogic               ; 109 (104)   ; 5            ; 0          ; 72   ; 0            ; 104 (104)    ; 4 (0)             ; 1 (0)            ; 0 (0)           ; 0 (0)      ; |outputlogic                ; outputlogic ; work         ;
;    |statereg:state|        ; 5 (5)       ; 5            ; 0          ; 0    ; 0            ; 0 (0)        ; 4 (4)             ; 1 (1)            ; 0 (0)           ; 0 (0)      ; |outputlogic|statereg:state ; statereg    ; work         ;
+----------------------------+-------------+--------------+------------+------+--------------+--------------+-------------------+------------------+-----------------+------------+-----------------------------+-------------+--------------+
Note: For table entries with two numbers listed, the numbers in parentheses indicate the number of resources of the given type used by the specific entity alone. The numbers listed outside of parentheses indicate the total resources of the given type used by the specific entity and all of its sub-entities in the hierarchy.


+------------------------------------------------------+
; General Register Statistics                          ;
+----------------------------------------------+-------+
; Statistic                                    ; Value ;
+----------------------------------------------+-------+
; Total registers                              ; 5     ;
; Number of registers using Synchronous Clear  ; 0     ;
; Number of registers using Synchronous Load   ; 0     ;
; Number of registers using Asynchronous Clear ; 5     ;
; Number of registers using Asynchronous Load  ; 0     ;
; Number of registers using Clock Enable       ; 0     ;
; Number of registers using Preset             ; 0     ;
+----------------------------------------------+-------+


+--------------------------------------------------+
; Inverted Register Statistics                     ;
+----------------------------------------+---------+
; Inverted Register                      ; Fan out ;
+----------------------------------------+---------+
; statereg:state|q[4]                    ; 26      ;
; Total number of inverted registers = 1 ;         ;
+----------------------------------------+---------+


+---------------------------------------------------------------------------------------------------------------------------------------------+
; Multiplexer Restructuring Statistics (Restructuring Performed)                                                                              ;
+--------------------+-----------+---------------+----------------------+------------------------+------------+-------------------------------+
; Multiplexer Inputs ; Bus Width ; Baseline Area ; Area if Restructured ; Saving if Restructured ; Registered ; Example Multiplexer Output    ;
+--------------------+-----------+---------------+----------------------+------------------------+------------+-------------------------------+
; 3:1                ; 2 bits    ; 4 LEs         ; 2 LEs                ; 2 LEs                  ; No         ; |outputlogic|control_variable ;
; 3:1                ; 2 bits    ; 4 LEs         ; 4 LEs                ; 0 LEs                  ; No         ; |outputlogic|control_variable ;
; 5:1                ; 2 bits    ; 6 LEs         ; 6 LEs                ; 0 LEs                  ; No         ; |outputlogic|control_variable ;
+--------------------+-----------+---------------+----------------------+------------------------+------------+-------------------------------+


+-------------------------------+
; Analysis & Synthesis Messages ;
+-------------------------------+
Info: *******************************************************************
Info: Running Quartus Prime Analysis & Synthesis
    Info: Version 16.0.0 Build 211 04/27/2016 SJ Lite Edition
    Info: Processing started: Fri Oct 26 14:36:02 2018
Info: Command: quartus_map --read_settings_files=on --write_settings_files=off outputlogic -c outputlogic
Warning (20028): Parallel compilation is not licensed and has been disabled
Info (12021): Found 2 design units, including 1 entities, in source file statereg.vhd
    Info (12022): Found design unit 1: statereg-description File: /home/pranil/Desktop/EE309 Microcontrollers/outputlogic/statereg.vhd Line: 15
    Info (12023): Found entity 1: statereg File: /home/pranil/Desktop/EE309 Microcontrollers/outputlogic/statereg.vhd Line: 7
Info (12021): Found 2 design units, including 1 entities, in source file outputlogic.vhd
    Info (12022): Found design unit 1: outputlogic-arch File: /home/pranil/Desktop/EE309 Microcontrollers/outputlogic/outputlogic.vhd Line: 20
    Info (12023): Found entity 1: outputlogic File: /home/pranil/Desktop/EE309 Microcontrollers/outputlogic/outputlogic.vhd Line: 7
Info (12127): Elaborating entity "outputlogic" for the top level hierarchy
Info (12128): Elaborating entity "statereg" for hierarchy "statereg:state" File: /home/pranil/Desktop/EE309 Microcontrollers/outputlogic/outputlogic.vhd Line: 29
Warning (13034): The following nodes have both tri-state and non-tri-state drivers
    Warning (13035): Inserted always-enabled tri-state buffer between "currentstate[0]" and its non-tri-state driver. File: /home/pranil/Desktop/EE309 Microcontrollers/outputlogic/outputlogic.vhd Line: 15
    Warning (13035): Inserted always-enabled tri-state buffer between "currentstate[1]" and its non-tri-state driver. File: /home/pranil/Desktop/EE309 Microcontrollers/outputlogic/outputlogic.vhd Line: 15
    Warning (13035): Inserted always-enabled tri-state buffer between "currentstate[2]" and its non-tri-state driver. File: /home/pranil/Desktop/EE309 Microcontrollers/outputlogic/outputlogic.vhd Line: 15
    Warning (13035): Inserted always-enabled tri-state buffer between "currentstate[3]" and its non-tri-state driver. File: /home/pranil/Desktop/EE309 Microcontrollers/outputlogic/outputlogic.vhd Line: 15
    Warning (13035): Inserted always-enabled tri-state buffer between "currentstate[4]" and its non-tri-state driver. File: /home/pranil/Desktop/EE309 Microcontrollers/outputlogic/outputlogic.vhd Line: 15
    Warning (13035): Inserted always-enabled tri-state buffer between "nextstate[0]" and its non-tri-state driver. File: /home/pranil/Desktop/EE309 Microcontrollers/outputlogic/outputlogic.vhd Line: 17
    Warning (13035): Inserted always-enabled tri-state buffer between "nextstate[1]" and its non-tri-state driver. File: /home/pranil/Desktop/EE309 Microcontrollers/outputlogic/outputlogic.vhd Line: 17
    Warning (13035): Inserted always-enabled tri-state buffer between "nextstate[2]" and its non-tri-state driver. File: /home/pranil/Desktop/EE309 Microcontrollers/outputlogic/outputlogic.vhd Line: 17
    Warning (13035): Inserted always-enabled tri-state buffer between "nextstate[3]" and its non-tri-state driver. File: /home/pranil/Desktop/EE309 Microcontrollers/outputlogic/outputlogic.vhd Line: 17
    Warning (13035): Inserted always-enabled tri-state buffer between "nextstate[4]" and its non-tri-state driver. File: /home/pranil/Desktop/EE309 Microcontrollers/outputlogic/outputlogic.vhd Line: 17
Info (13060): One or more bidirectional pins are fed by always enabled tri-state buffers
    Info (13061): Fan-out of permanently enabled tri-state buffer feeding bidirectional pin "currentstate[0]" is moved to its source File: /home/pranil/Desktop/EE309 Microcontrollers/outputlogic/outputlogic.vhd Line: 15
    Info (13061): Fan-out of permanently enabled tri-state buffer feeding bidirectional pin "currentstate[1]" is moved to its source File: /home/pranil/Desktop/EE309 Microcontrollers/outputlogic/outputlogic.vhd Line: 15
    Info (13061): Fan-out of permanently enabled tri-state buffer feeding bidirectional pin "currentstate[2]" is moved to its source File: /home/pranil/Desktop/EE309 Microcontrollers/outputlogic/outputlogic.vhd Line: 15
    Info (13061): Fan-out of permanently enabled tri-state buffer feeding bidirectional pin "currentstate[3]" is moved to its source File: /home/pranil/Desktop/EE309 Microcontrollers/outputlogic/outputlogic.vhd Line: 15
    Info (13061): Fan-out of permanently enabled tri-state buffer feeding bidirectional pin "currentstate[4]" is moved to its source File: /home/pranil/Desktop/EE309 Microcontrollers/outputlogic/outputlogic.vhd Line: 15
    Info (13061): Fan-out of permanently enabled tri-state buffer feeding bidirectional pin "nextstate[0]" is moved to its source File: /home/pranil/Desktop/EE309 Microcontrollers/outputlogic/outputlogic.vhd Line: 17
    Info (13061): Fan-out of permanently enabled tri-state buffer feeding bidirectional pin "nextstate[1]" is moved to its source File: /home/pranil/Desktop/EE309 Microcontrollers/outputlogic/outputlogic.vhd Line: 17
    Info (13061): Fan-out of permanently enabled tri-state buffer feeding bidirectional pin "nextstate[2]" is moved to its source File: /home/pranil/Desktop/EE309 Microcontrollers/outputlogic/outputlogic.vhd Line: 17
    Info (13061): Fan-out of permanently enabled tri-state buffer feeding bidirectional pin "nextstate[3]" is moved to its source File: /home/pranil/Desktop/EE309 Microcontrollers/outputlogic/outputlogic.vhd Line: 17
    Info (13061): Fan-out of permanently enabled tri-state buffer feeding bidirectional pin "nextstate[4]" is moved to its source File: /home/pranil/Desktop/EE309 Microcontrollers/outputlogic/outputlogic.vhd Line: 17
Warning (13009): TRI or OPNDRN buffers permanently enabled
    Warning (13010): Node "currentstate[0]~synth" File: /home/pranil/Desktop/EE309 Microcontrollers/outputlogic/outputlogic.vhd Line: 15
    Warning (13010): Node "currentstate[1]~synth" File: /home/pranil/Desktop/EE309 Microcontrollers/outputlogic/outputlogic.vhd Line: 15
    Warning (13010): Node "currentstate[2]~synth" File: /home/pranil/Desktop/EE309 Microcontrollers/outputlogic/outputlogic.vhd Line: 15
    Warning (13010): Node "currentstate[3]~synth" File: /home/pranil/Desktop/EE309 Microcontrollers/outputlogic/outputlogic.vhd Line: 15
    Warning (13010): Node "currentstate[4]~synth" File: /home/pranil/Desktop/EE309 Microcontrollers/outputlogic/outputlogic.vhd Line: 15
    Warning (13010): Node "nextstate[0]~synth" File: /home/pranil/Desktop/EE309 Microcontrollers/outputlogic/outputlogic.vhd Line: 17
    Warning (13010): Node "nextstate[1]~synth" File: /home/pranil/Desktop/EE309 Microcontrollers/outputlogic/outputlogic.vhd Line: 17
    Warning (13010): Node "nextstate[2]~synth" File: /home/pranil/Desktop/EE309 Microcontrollers/outputlogic/outputlogic.vhd Line: 17
    Warning (13010): Node "nextstate[3]~synth" File: /home/pranil/Desktop/EE309 Microcontrollers/outputlogic/outputlogic.vhd Line: 17
    Warning (13010): Node "nextstate[4]~synth" File: /home/pranil/Desktop/EE309 Microcontrollers/outputlogic/outputlogic.vhd Line: 17
Warning (13024): Output pins are stuck at VCC or GND
    Warning (13410): Pin "control_signal[6]" is stuck at GND File: /home/pranil/Desktop/EE309 Microcontrollers/outputlogic/outputlogic.vhd Line: 16
    Warning (13410): Pin "control_signal[26]" is stuck at GND File: /home/pranil/Desktop/EE309 Microcontrollers/outputlogic/outputlogic.vhd Line: 16
    Warning (13410): Pin "control_signal[30]" is stuck at GND File: /home/pranil/Desktop/EE309 Microcontrollers/outputlogic/outputlogic.vhd Line: 16
Info (18000): Registers with preset signals will power-up high File: /home/pranil/Desktop/EE309 Microcontrollers/outputlogic/statereg.vhd Line: 20
Warning (21074): Design contains 10 input pin(s) that do not drive logic
    Warning (15610): No output dependent on input pin "ir[2]" File: /home/pranil/Desktop/EE309 Microcontrollers/outputlogic/outputlogic.vhd Line: 8
    Warning (15610): No output dependent on input pin "ir[3]" File: /home/pranil/Desktop/EE309 Microcontrollers/outputlogic/outputlogic.vhd Line: 8
    Warning (15610): No output dependent on input pin "ir[4]" File: /home/pranil/Desktop/EE309 Microcontrollers/outputlogic/outputlogic.vhd Line: 8
    Warning (15610): No output dependent on input pin "ir[5]" File: /home/pranil/Desktop/EE309 Microcontrollers/outputlogic/outputlogic.vhd Line: 8
    Warning (15610): No output dependent on input pin "ir[6]" File: /home/pranil/Desktop/EE309 Microcontrollers/outputlogic/outputlogic.vhd Line: 8
    Warning (15610): No output dependent on input pin "ir[7]" File: /home/pranil/Desktop/EE309 Microcontrollers/outputlogic/outputlogic.vhd Line: 8
    Warning (15610): No output dependent on input pin "ir[8]" File: /home/pranil/Desktop/EE309 Microcontrollers/outputlogic/outputlogic.vhd Line: 8
    Warning (15610): No output dependent on input pin "ir[9]" File: /home/pranil/Desktop/EE309 Microcontrollers/outputlogic/outputlogic.vhd Line: 8
    Warning (15610): No output dependent on input pin "ir[10]" File: /home/pranil/Desktop/EE309 Microcontrollers/outputlogic/outputlogic.vhd Line: 8
    Warning (15610): No output dependent on input pin "ir[11]" File: /home/pranil/Desktop/EE309 Microcontrollers/outputlogic/outputlogic.vhd Line: 8
Info (21057): Implemented 181 device resources after synthesis - the final resource count might be different
    Info (21058): Implemented 25 input pins
    Info (21059): Implemented 37 output pins
    Info (21060): Implemented 10 bidirectional pins
    Info (21061): Implemented 109 logic cells
Info: Quartus Prime Analysis & Synthesis was successful. 0 errors, 38 warnings
    Info: Peak virtual memory: 1219 megabytes
    Info: Processing ended: Fri Oct 26 14:36:14 2018
    Info: Elapsed time: 00:00:12
    Info: Total CPU time (on all processors): 00:00:28


